# JRE version: OpenJDK Runtime Environment Temurin-21.0.7+6 (21.0.7+6) (build 21.0.7+6-LTS)
# Java VM: OpenJDK 64-Bit Server VM Temurin-21.0.7+6 (21.0.7+6-LTS, mixed mode, sharing, tiered, compressed oops, compressed class ptrs, parallel gc, windows-amd64)
GC Precious Log:
 CardTable entry size: 512
 CPUs: 8 total, 8 available
 Memory: 7998M
 Large Page Support: Disabled
 NUMA Support: Disabled
 Compressed Oops: Enabled (32-bit)
 Alignments: Space 512K, Generation 512K, Heap 2M
 Heap Min Capacity: 100M
 Heap Initial Capacity: 100M
 Heap Max Capacity: 1G
 Pre-touch: Disabled
 Parallel Workers: 8
Heap:
 PSYoungGen      total 3584K, used 3072K [0x00000000eab00000, 0x00000000eaf80000, 0x0000000100000000)
  eden space 2560K, 100% used [0x00000000eab00000,0x00000000ead80000,0x00000000ead80000)
  from space 1024K, 50% used [0x00000000eae80000,0x00000000eaf00000,0x00000000eaf80000)
  to   space 1024K, 39% used [0x00000000ead80000,0x00000000eade55e8,0x00000000eae80000)
 ParOldGen       total 275968K, used 275782K [0x00000000c0000000, 0x00000000d0d80000, 0x00000000eab00000)
  object space 275968K, 99% used [0x00000000c0000000,0x00000000d0d51a48,0x00000000d0d80000)
 Metaspace       used 63891K, committed 65408K, reserved 1114112K
  class space    used 6614K, committed 7296K, reserved 1048576K
GC Heap History (20 events):
Event: 30.526 GC heap before
{Heap before GC invocations=282 (full 3):
 PSYoungGen      total 3584K, used 3234K [0x00000000eab00000, 0x00000000eaf80000, 0x0000000100000000)
  eden space 2560K, 99% used [0x00000000eab00000,0x00000000ead7e8b8,0x00000000ead80000)
  from space 1024K, 66% used [0x00000000eae80000,0x00000000eaf2a0c0,0x00000000eaf80000)
  to   space 1024K, 0% used [0x00000000ead80000,0x00000000ead80000,0x00000000eae80000)
 ParOldGen       total 271872K, used 271834K [0x00000000c0000000, 0x00000000d0980000, 0x00000000eab00000)
  object space 271872K, 99% used [0x00000000c0000000,0x00000000d09769a8,0x00000000d0980000)
 Metaspace       used 63174K, committed 64704K, reserved 1114112K
  class space    used 6538K, committed 7168K, reserved 1048576K
}
Event: 30.529 GC heap after
{Heap after GC invocations=282 (full 3):
 PSYoungGen      total 3584K, used 496K [0x00000000eab00000, 0x00000000eaf80000, 0x0000000100000000)
  eden space 2560K, 0% used [0x00000000eab00000,0x00000000eab00000,0x00000000ead80000)
  from space 1024K, 48% used [0x00000000ead80000,0x00000000eadfc010,0x00000000eae80000)
  to   space 1024K, 0% used [0x00000000eae80000,0x00000000eae80000,0x00000000eaf80000)
 ParOldGen       total 272384K, used 272253K [0x00000000c0000000, 0x00000000d0a00000, 0x00000000eab00000)
  object space 272384K, 99% used [0x00000000c0000000,0x00000000d09df798,0x00000000d0a00000)
 Metaspace       used 63174K, committed 64704K, reserved 1114112K
  class space    used 6538K, committed 7168K, reserved 1048576K
}
Event: 30.549 GC heap before
{Heap before GC invocations=283 (full 3):
 PSYoungGen      total 3584K, used 3009K [0x00000000eab00000, 0x00000000eaf80000, 0x0000000100000000)
  eden space 2560K, 98% used [0x00000000eab00000,0x00000000ead74568,0x00000000ead80000)
  from space 1024K, 48% used [0x00000000ead80000,0x00000000eadfc010,0x00000000eae80000)
  to   space 1024K, 0% used [0x00000000eae80000,0x00000000eae80000,0x00000000eaf80000)
 ParOldGen       total 272384K, used 272253K [0x00000000c0000000, 0x00000000d0a00000, 0x00000000eab00000)
  object space 272384K, 99% used [0x00000000c0000000,0x00000000d09df798,0x00000000d0a00000)
 Metaspace       used 63385K, committed 64896K, reserved 1114112K
  class space    used 6565K, committed 7232K, reserved 1048576K
}
Event: 30.559 GC heap after
{Heap after GC invocations=283 (full 3):
 PSYoungGen      total 3584K, used 562K [0x00000000eab00000, 0x00000000eaf80000, 0x0000000100000000)
  eden space 2560K, 0% used [0x00000000eab00000,0x00000000eab00000,0x00000000ead80000)
  from space 1024K, 54% used [0x00000000eae80000,0x00000000eaf0c9d8,0x00000000eaf80000)
  to   space 1024K, 0% used [0x00000000ead80000,0x00000000ead80000,0x00000000eae80000)
 ParOldGen       total 272896K, used 272594K [0x00000000c0000000, 0x00000000d0a80000, 0x00000000eab00000)
  object space 272896K, 99% used [0x00000000c0000000,0x00000000d0a34820,0x00000000d0a80000)
 Metaspace       used 63385K, committed 64896K, reserved 1114112K
  class space    used 6565K, committed 7232K, reserved 1048576K
}
Event: 30.617 GC heap before
{Heap before GC invocations=284 (full 3):
 PSYoungGen      total 3584K, used 3122K [0x00000000eab00000, 0x00000000eaf80000, 0x0000000100000000)
  eden space 2560K, 100% used [0x00000000eab00000,0x00000000ead80000,0x00000000ead80000)
  from space 1024K, 54% used [0x00000000eae80000,0x00000000eaf0c9d8,0x00000000eaf80000)
  to   space 1024K, 0% used [0x00000000ead80000,0x00000000ead80000,0x00000000eae80000)
 ParOldGen       total 272896K, used 272594K [0x00000000c0000000, 0x00000000d0a80000, 0x00000000eab00000)
  object space 272896K, 99% used [0x00000000c0000000,0x00000000d0a34820,0x00000000d0a80000)
 Metaspace       used 63674K, committed 65216K, reserved 1114112K
  class space    used 6591K, committed 7232K, reserved 1048576K
}
Event: 30.619 GC heap after
{Heap after GC invocations=284 (full 3):
 PSYoungGen      total 3584K, used 403K [0x00000000eab00000, 0x00000000eaf00000, 0x0000000100000000)
  eden space 2560K, 0% used [0x00000000eab00000,0x00000000eab00000,0x00000000ead80000)
  from space 1024K, 39% used [0x00000000ead80000,0x00000000eade4e08,0x00000000eae80000)
  to   space 512K, 0% used [0x00000000eae80000,0x00000000eae80000,0x00000000eaf00000)
 ParOldGen       total 273408K, used 272939K [0x00000000c0000000, 0x00000000d0b00000, 0x00000000eab00000)
  object space 273408K, 99% used [0x00000000c0000000,0x00000000d0a8acf8,0x00000000d0b00000)
 Metaspace       used 63674K, committed 65216K, reserved 1114112K
  class space    used 6591K, committed 7232K, reserved 1048576K
}
Event: 30.646 GC heap before
{Heap before GC invocations=285 (full 3):
 PSYoungGen      total 3584K, used 2963K [0x00000000eab00000, 0x00000000eaf00000, 0x0000000100000000)
  eden space 2560K, 100% used [0x00000000eab00000,0x00000000ead80000,0x00000000ead80000)
  from space 1024K, 39% used [0x00000000ead80000,0x00000000eade4e08,0x00000000eae80000)
  to   space 512K, 0% used [0x00000000eae80000,0x00000000eae80000,0x00000000eaf00000)
 ParOldGen       total 273408K, used 272939K [0x00000000c0000000, 0x00000000d0b00000, 0x00000000eab00000)
  object space 273408K, 99% used [0x00000000c0000000,0x00000000d0a8acf8,0x00000000d0b00000)
 Metaspace       used 63827K, committed 65408K, reserved 1114112K
  class space    used 6606K, committed 7296K, reserved 1048576K
}
Event: 30.648 GC heap after
{Heap after GC invocations=285 (full 3):
 PSYoungGen      total 3072K, used 496K [0x00000000eab00000, 0x00000000eaf80000, 0x0000000100000000)
  eden space 2560K, 0% used [0x00000000eab00000,0x00000000eab00000,0x00000000ead80000)
  from space 512K, 97% used [0x00000000eae80000,0x00000000eaefc328,0x00000000eaf00000)
  to   space 1024K, 0% used [0x00000000ead80000,0x00000000ead80000,0x00000000eae80000)
 ParOldGen       total 273408K, used 273173K [0x00000000c0000000, 0x00000000d0b00000, 0x00000000eab00000)
  object space 273408K, 99% used [0x00000000c0000000,0x00000000d0ac5710,0x00000000d0b00000)
 Metaspace       used 63827K, committed 65408K, reserved 1114112K
  class space    used 6606K, committed 7296K, reserved 1048576K
}
Event: 30.678 GC heap before
{Heap before GC invocations=286 (full 3):
 PSYoungGen      total 3072K, used 3056K [0x00000000eab00000, 0x00000000eaf80000, 0x0000000100000000)
  eden space 2560K, 100% used [0x00000000eab00000,0x00000000ead80000,0x00000000ead80000)
  from space 512K, 97% used [0x00000000eae80000,0x00000000eaefc328,0x00000000eaf00000)
  to   space 1024K, 0% used [0x00000000ead80000,0x00000000ead80000,0x00000000eae80000)
 ParOldGen       total 273408K, used 273173K [0x00000000c0000000, 0x00000000d0b00000, 0x00000000eab00000)
  object space 273408K, 99% used [0x00000000c0000000,0x00000000d0ac5710,0x00000000d0b00000)
 Metaspace       used 63872K, committed 65408K, reserved 1114112K
  class space    used 6611K, committed 7296K, reserved 1048576K
}
Event: 30.680 GC heap after
{Heap after GC invocations=286 (full 3):
 PSYoungGen      total 3584K, used 736K [0x00000000eab00000, 0x00000000eaf80000, 0x0000000100000000)
  eden space 2560K, 0% used [0x00000000eab00000,0x00000000eab00000,0x00000000ead80000)
  from space 1024K, 71% used [0x00000000ead80000,0x00000000eae38000,0x00000000eae80000)
  to   space 1024K, 0% used [0x00000000eae80000,0x00000000eae80000,0x00000000eaf80000)
 ParOldGen       total 273920K, used 273530K [0x00000000c0000000, 0x00000000d0b80000, 0x00000000eab00000)
  object space 273920K, 99% used [0x00000000c0000000,0x00000000d0b1e800,0x00000000d0b80000)
 Metaspace       used 63872K, committed 65408K, reserved 1114112K
  class space    used 6611K, committed 7296K, reserved 1048576K
}
Event: 30.699 GC heap before
{Heap before GC invocations=287 (full 3):
 PSYoungGen      total 3584K, used 3097K [0x00000000eab00000, 0x00000000eaf80000, 0x0000000100000000)
  eden space 2560K, 92% used [0x00000000eab00000,0x00000000ead4e648,0x00000000ead80000)
  from space 1024K, 71% used [0x00000000ead80000,0x00000000eae38000,0x00000000eae80000)
  to   space 1024K, 0% used [0x00000000eae80000,0x00000000eae80000,0x00000000eaf80000)
 ParOldGen       total 273920K, used 273530K [0x00000000c0000000, 0x00000000d0b80000, 0x00000000eab00000)
  object space 273920K, 99% used [0x00000000c0000000,0x00000000d0b1e800,0x00000000d0b80000)
 Metaspace       used 63886K, committed 65408K, reserved 1114112K
  class space    used 6613K, committed 7296K, reserved 1048576K
}
Event: 30.704 GC heap after
{Heap after GC invocations=287 (full 3):
 PSYoungGen      total 3584K, used 567K [0x00000000eab00000, 0x00000000eaf80000, 0x0000000100000000)
  eden space 2560K, 0% used [0x00000000eab00000,0x00000000eab00000,0x00000000ead80000)
  from space 1024K, 55% used [0x00000000eae80000,0x00000000eaf0de88,0x00000000eaf80000)
  to   space 1024K, 0% used [0x00000000ead80000,0x00000000ead80000,0x00000000eae80000)
 ParOldGen       total 274432K, used 274104K [0x00000000c0000000, 0x00000000d0c00000, 0x00000000eab00000)
  object space 274432K, 99% used [0x00000000c0000000,0x00000000d0bae3a0,0x00000000d0c00000)
 Metaspace       used 63886K, committed 65408K, reserved 1114112K
  class space    used 6613K, committed 7296K, reserved 1048576K
}
Event: 30.715 GC heap before
{Heap before GC invocations=288 (full 3):
 PSYoungGen      total 3584K, used 3127K [0x00000000eab00000, 0x00000000eaf80000, 0x0000000100000000)
  eden space 2560K, 100% used [0x00000000eab00000,0x00000000ead80000,0x00000000ead80000)
  from space 1024K, 55% used [0x00000000eae80000,0x00000000eaf0de88,0x00000000eaf80000)
  to   space 1024K, 0% used [0x00000000ead80000,0x00000000ead80000,0x00000000eae80000)
 ParOldGen       total 274432K, used 274104K [0x00000000c0000000, 0x00000000d0c00000, 0x00000000eab00000)
  object space 274432K, 99% used [0x00000000c0000000,0x00000000d0bae3a0,0x00000000d0c00000)
 Metaspace       used 63886K, committed 65408K, reserved 1114112K
  class space    used 6613K, committed 7296K, reserved 1048576K
}
Event: 30.717 GC heap after
{Heap after GC invocations=288 (full 3):
 PSYoungGen      total 3584K, used 380K [0x00000000eab00000, 0x00000000eaf00000, 0x0000000100000000)
  eden space 2560K, 0% used [0x00000000eab00000,0x00000000eab00000,0x00000000ead80000)
  from space 1024K, 37% used [0x00000000ead80000,0x00000000eaddf088,0x00000000eae80000)
  to   space 512K, 0% used [0x00000000eae80000,0x00000000eae80000,0x00000000eaf00000)
 ParOldGen       total 274944K, used 274570K [0x00000000c0000000, 0x00000000d0c80000, 0x00000000eab00000)
  object space 274944K, 99% used [0x00000000c0000000,0x00000000d0c22988,0x00000000d0c80000)
 Metaspace       used 63886K, committed 65408K, reserved 1114112K
  class space    used 6613K, committed 7296K, reserved 1048576K
}
Event: 30.734 GC heap before
{Heap before GC invocations=289 (full 3):
 PSYoungGen      total 3584K, used 2936K [0x00000000eab00000, 0x00000000eaf00000, 0x0000000100000000)
  eden space 2560K, 99% used [0x00000000eab00000,0x00000000ead7ef90,0x00000000ead80000)
  from space 1024K, 37% used [0x00000000ead80000,0x00000000eaddf088,0x00000000eae80000)
  to   space 512K, 0% used [0x00000000eae80000,0x00000000eae80000,0x00000000eaf00000)
 ParOldGen       total 274944K, used 274570K [0x00000000c0000000, 0x00000000d0c80000, 0x00000000eab00000)
  object space 274944K, 99% used [0x00000000c0000000,0x00000000d0c22988,0x00000000d0c80000)
 Metaspace       used 63886K, committed 65408K, reserved 1114112K
  class space    used 6613K, committed 7296K, reserved 1048576K
}
Event: 30.736 GC heap after
{Heap after GC invocations=289 (full 3):
 PSYoungGen      total 3072K, used 402K [0x00000000eab00000, 0x00000000eaf00000, 0x0000000100000000)
  eden space 2560K, 0% used [0x00000000eab00000,0x00000000eab00000,0x00000000ead80000)
  from space 512K, 78% used [0x00000000eae80000,0x00000000eaee4bd0,0x00000000eaf00000)
  to   space 512K, 0% used [0x00000000eae00000,0x00000000eae00000,0x00000000eae80000)
 ParOldGen       total 274944K, used 274793K [0x00000000c0000000, 0x00000000d0c80000, 0x00000000eab00000)
  object space 274944K, 99% used [0x00000000c0000000,0x00000000d0c5a690,0x00000000d0c80000)
 Metaspace       used 63886K, committed 65408K, reserved 1114112K
  class space    used 6613K, committed 7296K, reserved 1048576K
}
Event: 30.755 GC heap before
{Heap before GC invocations=290 (full 3):
 PSYoungGen      total 3072K, used 2962K [0x00000000eab00000, 0x00000000eaf00000, 0x0000000100000000)
  eden space 2560K, 100% used [0x00000000eab00000,0x00000000ead80000,0x00000000ead80000)
  from space 512K, 78% used [0x00000000eae80000,0x00000000eaee4bd0,0x00000000eaf00000)
  to   space 512K, 0% used [0x00000000eae00000,0x00000000eae00000,0x00000000eae80000)
 ParOldGen       total 274944K, used 274793K [0x00000000c0000000, 0x00000000d0c80000, 0x00000000eab00000)
  object space 274944K, 99% used [0x00000000c0000000,0x00000000d0c5a690,0x00000000d0c80000)
 Metaspace       used 63886K, committed 65408K, reserved 1114112K
  class space    used 6613K, committed 7296K, reserved 1048576K
}
Event: 30.765 GC heap after
{Heap after GC invocations=290 (full 3):
 PSYoungGen      total 3072K, used 508K [0x00000000eab00000, 0x00000000eaf80000, 0x0000000100000000)
  eden space 2560K, 0% used [0x00000000eab00000,0x00000000eab00000,0x00000000ead80000)
  from space 512K, 99% used [0x00000000eae00000,0x00000000eae7f148,0x00000000eae80000)
  to   space 1024K, 0% used [0x00000000eae80000,0x00000000eae80000,0x00000000eaf80000)
 ParOldGen       total 275456K, used 275087K [0x00000000c0000000, 0x00000000d0d00000, 0x00000000eab00000)
  object space 275456K, 99% used [0x00000000c0000000,0x00000000d0ca3f90,0x00000000d0d00000)
 Metaspace       used 63886K, committed 65408K, reserved 1114112K
  class space    used 6613K, committed 7296K, reserved 1048576K
}
Event: 30.786 GC heap before
{Heap before GC invocations=291 (full 3):
 PSYoungGen      total 3072K, used 3068K [0x00000000eab00000, 0x00000000eaf80000, 0x0000000100000000)
  eden space 2560K, 100% used [0x00000000eab00000,0x00000000ead80000,0x00000000ead80000)
  from space 512K, 99% used [0x00000000eae00000,0x00000000eae7f148,0x00000000eae80000)
  to   space 1024K, 0% used [0x00000000eae80000,0x00000000eae80000,0x00000000eaf80000)
 ParOldGen       total 275456K, used 275087K [0x00000000c0000000, 0x00000000d0d00000, 0x00000000eab00000)
  object space 275456K, 99% used [0x00000000c0000000,0x00000000d0ca3f90,0x00000000d0d00000)
 Metaspace       used 63886K, committed 65408K, reserved 1114112K
  class space    used 6613K, committed 7296K, reserved 1048576K
}
Event: 30.788 GC heap after
{Heap after GC invocations=291 (full 3):
 PSYoungGen      total 3584K, used 512K [0x00000000eab00000, 0x00000000eaf80000, 0x0000000100000000)
  eden space 2560K, 0% used [0x00000000eab00000,0x00000000eab00000,0x00000000ead80000)
  from space 1024K, 50% used [0x00000000eae80000,0x00000000eaf00000,0x00000000eaf80000)
  to   space 1024K, 0% used [0x00000000ead80000,0x00000000ead80000,0x00000000eae80000)
 ParOldGen       total 275456K, used 275446K [0x00000000c0000000, 0x00000000d0d00000, 0x00000000eab00000)
  object space 275456K, 99% used [0x00000000c0000000,0x00000000d0cfda68,0x00000000d0d00000)
 Metaspace       used 63886K, committed 65408K, reserved 1114112K
  class space    used 6613K, committed 7296K, reserved 1048576K
}

