# JRE version: OpenJDK Runtime Environment Temurin-21.0.7+6 (21.0.7+6) (build 21.0.7+6-LTS)
# Java VM: OpenJDK 64-Bit Server VM Temurin-21.0.7+6 (21.0.7+6-LTS, mixed mode, sharing, tiered, compressed oops, compressed class ptrs, parallel gc, windows-amd64)
GC Precious Log:
 CardTable entry size: 512
 CPUs: 8 total, 8 available
 Memory: 7998M
 Large Page Support: Disabled
 NUMA Support: Disabled
 Compressed Oops: Enabled (32-bit)
 Alignments: Space 512K, Generation 512K, Heap 2M
 Heap Min Capacity: 100M
 Heap Initial Capacity: 100M
 Heap Max Capacity: 1G
 Pre-touch: Disabled
 Parallel Workers: 8
Heap:
 PSYoungGen      total 22016K, used 6460K [0x00000000eab00000, 0x00000000ec480000, 0x0000000100000000)
  eden space 20992K, 25% used [0x00000000eab00000,0x00000000eb053280,0x00000000ebf80000)
  from space 1024K, 98% used [0x00000000ec000000,0x00000000ec0fc050,0x00000000ec100000)
  to   space 2560K, 0% used [0x00000000ec200000,0x00000000ec200000,0x00000000ec480000)
 ParOldGen       total 68608K, used 31948K [0x00000000c0000000, 0x00000000c4300000, 0x00000000eab00000)
  object space 68608K, 46% used [0x00000000c0000000,0x00000000c1f33280,0x00000000c4300000)
 Metaspace       used 42966K, committed 44032K, reserved 1114112K
  class space    used 4260K, committed 4736K, reserved 1048576K
GC Heap History (20 events):
Event: 17.642 GC heap before
{Heap before GC invocations=16 (full 1):
 PSYoungGen      total 24064K, used 23844K [0x00000000eab00000, 0x00000000ec580000, 0x0000000100000000)
  eden space 21504K, 100% used [0x00000000eab00000,0x00000000ec000000,0x00000000ec000000)
  from space 2560K, 91% used [0x00000000ec300000,0x00000000ec549000,0x00000000ec580000)
  to   space 2560K, 0% used [0x00000000ec000000,0x00000000ec000000,0x00000000ec280000)
 ParOldGen       total 68608K, used 21855K [0x00000000c0000000, 0x00000000c4300000, 0x00000000eab00000)
  object space 68608K, 31% used [0x00000000c0000000,0x00000000c1557ec0,0x00000000c4300000)
 Metaspace       used 33863K, committed 34880K, reserved 1114112K
  class space    used 3398K, committed 3840K, reserved 1048576K
}
Event: 17.649 GC heap after
{Heap after GC invocations=16 (full 1):
 PSYoungGen      total 24064K, used 2016K [0x00000000eab00000, 0x00000000ec500000, 0x0000000100000000)
  eden space 21504K, 0% used [0x00000000eab00000,0x00000000eab00000,0x00000000ec000000)
  from space 2560K, 78% used [0x00000000ec000000,0x00000000ec1f8000,0x00000000ec280000)
  to   space 2560K, 0% used [0x00000000ec280000,0x00000000ec280000,0x00000000ec500000)
 ParOldGen       total 68608K, used 24088K [0x00000000c0000000, 0x00000000c4300000, 0x00000000eab00000)
  object space 68608K, 35% used [0x00000000c0000000,0x00000000c17863c0,0x00000000c4300000)
 Metaspace       used 33863K, committed 34880K, reserved 1114112K
  class space    used 3398K, committed 3840K, reserved 1048576K
}
Event: 17.764 GC heap before
{Heap before GC invocations=17 (full 1):
 PSYoungGen      total 24064K, used 23520K [0x00000000eab00000, 0x00000000ec500000, 0x0000000100000000)
  eden space 21504K, 100% used [0x00000000eab00000,0x00000000ec000000,0x00000000ec000000)
  from space 2560K, 78% used [0x00000000ec000000,0x00000000ec1f8000,0x00000000ec280000)
  to   space 2560K, 0% used [0x00000000ec280000,0x00000000ec280000,0x00000000ec500000)
 ParOldGen       total 68608K, used 24088K [0x00000000c0000000, 0x00000000c4300000, 0x00000000eab00000)
  object space 68608K, 35% used [0x00000000c0000000,0x00000000c17863c0,0x00000000c4300000)
 Metaspace       used 33980K, committed 35072K, reserved 1114112K
  class space    used 3401K, committed 3840K, reserved 1048576K
}
Event: 17.770 GC heap after
{Heap after GC invocations=17 (full 1):
 PSYoungGen      total 24064K, used 2240K [0x00000000eab00000, 0x00000000ec500000, 0x0000000100000000)
  eden space 21504K, 0% used [0x00000000eab00000,0x00000000eab00000,0x00000000ec000000)
  from space 2560K, 87% used [0x00000000ec280000,0x00000000ec4b0010,0x00000000ec500000)
  to   space 2560K, 0% used [0x00000000ec000000,0x00000000ec000000,0x00000000ec280000)
 ParOldGen       total 68608K, used 25952K [0x00000000c0000000, 0x00000000c4300000, 0x00000000eab00000)
  object space 68608K, 37% used [0x00000000c0000000,0x00000000c19583c0,0x00000000c4300000)
 Metaspace       used 33980K, committed 35072K, reserved 1114112K
  class space    used 3401K, committed 3840K, reserved 1048576K
}
Event: 17.862 GC heap before
{Heap before GC invocations=18 (full 1):
 PSYoungGen      total 24064K, used 23744K [0x00000000eab00000, 0x00000000ec500000, 0x0000000100000000)
  eden space 21504K, 100% used [0x00000000eab00000,0x00000000ec000000,0x00000000ec000000)
  from space 2560K, 87% used [0x00000000ec280000,0x00000000ec4b0010,0x00000000ec500000)
  to   space 2560K, 0% used [0x00000000ec000000,0x00000000ec000000,0x00000000ec280000)
 ParOldGen       total 68608K, used 25952K [0x00000000c0000000, 0x00000000c4300000, 0x00000000eab00000)
  object space 68608K, 37% used [0x00000000c0000000,0x00000000c19583c0,0x00000000c4300000)
 Metaspace       used 34187K, committed 35200K, reserved 1114112K
  class space    used 3414K, committed 3840K, reserved 1048576K
}
Event: 17.869 GC heap after
{Heap after GC invocations=18 (full 1):
 PSYoungGen      total 24064K, used 2168K [0x00000000eab00000, 0x00000000ec500000, 0x0000000100000000)
  eden space 21504K, 0% used [0x00000000eab00000,0x00000000eab00000,0x00000000ec000000)
  from space 2560K, 84% used [0x00000000ec000000,0x00000000ec21e220,0x00000000ec280000)
  to   space 2560K, 0% used [0x00000000ec280000,0x00000000ec280000,0x00000000ec500000)
 ParOldGen       total 68608K, used 27984K [0x00000000c0000000, 0x00000000c4300000, 0x00000000eab00000)
  object space 68608K, 40% used [0x00000000c0000000,0x00000000c1b543d0,0x00000000c4300000)
 Metaspace       used 34187K, committed 35200K, reserved 1114112K
  class space    used 3414K, committed 3840K, reserved 1048576K
}
Event: 17.982 GC heap before
{Heap before GC invocations=19 (full 1):
 PSYoungGen      total 24064K, used 11483K [0x00000000eab00000, 0x00000000ec500000, 0x0000000100000000)
  eden space 21504K, 43% used [0x00000000eab00000,0x00000000eb418d08,0x00000000ec000000)
  from space 2560K, 84% used [0x00000000ec000000,0x00000000ec21e220,0x00000000ec280000)
  to   space 2560K, 0% used [0x00000000ec280000,0x00000000ec280000,0x00000000ec500000)
 ParOldGen       total 68608K, used 27984K [0x00000000c0000000, 0x00000000c4300000, 0x00000000eab00000)
  object space 68608K, 40% used [0x00000000c0000000,0x00000000c1b543d0,0x00000000c4300000)
 Metaspace       used 34819K, committed 35840K, reserved 1114112K
  class space    used 3488K, committed 3904K, reserved 1048576K
}
Event: 17.987 GC heap after
{Heap after GC invocations=19 (full 1):
 PSYoungGen      total 22528K, used 880K [0x00000000eab00000, 0x00000000ec380000, 0x0000000100000000)
  eden space 21504K, 0% used [0x00000000eab00000,0x00000000eab00000,0x00000000ec000000)
  from space 1024K, 85% used [0x00000000ec280000,0x00000000ec35c230,0x00000000ec380000)
  to   space 1536K, 0% used [0x00000000ec080000,0x00000000ec080000,0x00000000ec200000)
 ParOldGen       total 68608K, used 29903K [0x00000000c0000000, 0x00000000c4300000, 0x00000000eab00000)
  object space 68608K, 43% used [0x00000000c0000000,0x00000000c1d33db8,0x00000000c4300000)
 Metaspace       used 34819K, committed 35840K, reserved 1114112K
  class space    used 3488K, committed 3904K, reserved 1048576K
}
Event: 17.987 GC heap before
{Heap before GC invocations=20 (full 2):
 PSYoungGen      total 22528K, used 880K [0x00000000eab00000, 0x00000000ec380000, 0x0000000100000000)
  eden space 21504K, 0% used [0x00000000eab00000,0x00000000eab00000,0x00000000ec000000)
  from space 1024K, 85% used [0x00000000ec280000,0x00000000ec35c230,0x00000000ec380000)
  to   space 1536K, 0% used [0x00000000ec080000,0x00000000ec080000,0x00000000ec200000)
 ParOldGen       total 68608K, used 29903K [0x00000000c0000000, 0x00000000c4300000, 0x00000000eab00000)
  object space 68608K, 43% used [0x00000000c0000000,0x00000000c1d33db8,0x00000000c4300000)
 Metaspace       used 34819K, committed 35840K, reserved 1114112K
  class space    used 3488K, committed 3904K, reserved 1048576K
}
Event: 18.069 GC heap after
{Heap after GC invocations=20 (full 2):
 PSYoungGen      total 22528K, used 0K [0x00000000eab00000, 0x00000000ec380000, 0x0000000100000000)
  eden space 21504K, 0% used [0x00000000eab00000,0x00000000eab00000,0x00000000ec000000)
  from space 1024K, 0% used [0x00000000ec280000,0x00000000ec280000,0x00000000ec380000)
  to   space 1536K, 0% used [0x00000000ec080000,0x00000000ec080000,0x00000000ec200000)
 ParOldGen       total 68608K, used 28538K [0x00000000c0000000, 0x00000000c4300000, 0x00000000eab00000)
  object space 68608K, 41% used [0x00000000c0000000,0x00000000c1bdebf0,0x00000000c4300000)
 Metaspace       used 34742K, committed 35840K, reserved 1114112K
  class space    used 3466K, committed 3904K, reserved 1048576K
}
Event: 18.626 GC heap before
{Heap before GC invocations=21 (full 2):
 PSYoungGen      total 22528K, used 21504K [0x00000000eab00000, 0x00000000ec380000, 0x0000000100000000)
  eden space 21504K, 100% used [0x00000000eab00000,0x00000000ec000000,0x00000000ec000000)
  from space 1024K, 0% used [0x00000000ec280000,0x00000000ec280000,0x00000000ec380000)
  to   space 1536K, 0% used [0x00000000ec080000,0x00000000ec080000,0x00000000ec200000)
 ParOldGen       total 68608K, used 28538K [0x00000000c0000000, 0x00000000c4300000, 0x00000000eab00000)
  object space 68608K, 41% used [0x00000000c0000000,0x00000000c1bdebf0,0x00000000c4300000)
 Metaspace       used 36598K, committed 37632K, reserved 1114112K
  class space    used 3625K, committed 4032K, reserved 1048576K
}
Event: 18.628 GC heap after
{Heap after GC invocations=21 (full 2):
 PSYoungGen      total 23040K, used 432K [0x00000000eab00000, 0x00000000ec300000, 0x0000000100000000)
  eden space 21504K, 0% used [0x00000000eab00000,0x00000000eab00000,0x00000000ec000000)
  from space 1536K, 28% used [0x00000000ec080000,0x00000000ec0ec010,0x00000000ec200000)
  to   space 1024K, 0% used [0x00000000ec200000,0x00000000ec200000,0x00000000ec300000)
 ParOldGen       total 68608K, used 28546K [0x00000000c0000000, 0x00000000c4300000, 0x00000000eab00000)
  object space 68608K, 41% used [0x00000000c0000000,0x00000000c1be0bf0,0x00000000c4300000)
 Metaspace       used 36598K, committed 37632K, reserved 1114112K
  class space    used 3625K, committed 4032K, reserved 1048576K
}
Event: 19.007 GC heap before
{Heap before GC invocations=22 (full 2):
 PSYoungGen      total 23040K, used 21936K [0x00000000eab00000, 0x00000000ec300000, 0x0000000100000000)
  eden space 21504K, 100% used [0x00000000eab00000,0x00000000ec000000,0x00000000ec000000)
  from space 1536K, 28% used [0x00000000ec080000,0x00000000ec0ec010,0x00000000ec200000)
  to   space 1024K, 0% used [0x00000000ec200000,0x00000000ec200000,0x00000000ec300000)
 ParOldGen       total 68608K, used 28546K [0x00000000c0000000, 0x00000000c4300000, 0x00000000eab00000)
  object space 68608K, 41% used [0x00000000c0000000,0x00000000c1be0bf0,0x00000000c4300000)
 Metaspace       used 38228K, committed 39296K, reserved 1114112K
  class space    used 3792K, committed 4224K, reserved 1048576K
}
Event: 19.010 GC heap after
{Heap after GC invocations=22 (full 2):
 PSYoungGen      total 22016K, used 1015K [0x00000000eab00000, 0x00000000ec500000, 0x0000000100000000)
  eden space 20992K, 0% used [0x00000000eab00000,0x00000000eab00000,0x00000000ebf80000)
  from space 1024K, 99% used [0x00000000ec200000,0x00000000ec2fdc28,0x00000000ec300000)
  to   space 2560K, 0% used [0x00000000ebf80000,0x00000000ebf80000,0x00000000ec200000)
 ParOldGen       total 68608K, used 29613K [0x00000000c0000000, 0x00000000c4300000, 0x00000000eab00000)
  object space 68608K, 43% used [0x00000000c0000000,0x00000000c1ceb768,0x00000000c4300000)
 Metaspace       used 38228K, committed 39296K, reserved 1114112K
  class space    used 3792K, committed 4224K, reserved 1048576K
}
Event: 19.117 GC heap before
{Heap before GC invocations=23 (full 2):
 PSYoungGen      total 22016K, used 22007K [0x00000000eab00000, 0x00000000ec500000, 0x0000000100000000)
  eden space 20992K, 100% used [0x00000000eab00000,0x00000000ebf80000,0x00000000ebf80000)
  from space 1024K, 99% used [0x00000000ec200000,0x00000000ec2fdc28,0x00000000ec300000)
  to   space 2560K, 0% used [0x00000000ebf80000,0x00000000ebf80000,0x00000000ec200000)
 ParOldGen       total 68608K, used 29613K [0x00000000c0000000, 0x00000000c4300000, 0x00000000eab00000)
  object space 68608K, 43% used [0x00000000c0000000,0x00000000c1ceb768,0x00000000c4300000)
 Metaspace       used 38262K, committed 39360K, reserved 1114112K
  class space    used 3794K, committed 4224K, reserved 1048576K
}
Event: 19.120 GC heap after
{Heap after GC invocations=23 (full 2):
 PSYoungGen      total 22528K, used 1106K [0x00000000eab00000, 0x00000000ec280000, 0x0000000100000000)
  eden space 20992K, 0% used [0x00000000eab00000,0x00000000eab00000,0x00000000ebf80000)
  from space 1536K, 72% used [0x00000000ebf80000,0x00000000ec094b48,0x00000000ec100000)
  to   space 1536K, 0% used [0x00000000ec100000,0x00000000ec100000,0x00000000ec280000)
 ParOldGen       total 68608K, used 30569K [0x00000000c0000000, 0x00000000c4300000, 0x00000000eab00000)
  object space 68608K, 44% used [0x00000000c0000000,0x00000000c1dda448,0x00000000c4300000)
 Metaspace       used 38262K, committed 39360K, reserved 1114112K
  class space    used 3794K, committed 4224K, reserved 1048576K
}
Event: 19.342 GC heap before
{Heap before GC invocations=24 (full 2):
 PSYoungGen      total 22528K, used 22098K [0x00000000eab00000, 0x00000000ec280000, 0x0000000100000000)
  eden space 20992K, 100% used [0x00000000eab00000,0x00000000ebf80000,0x00000000ebf80000)
  from space 1536K, 72% used [0x00000000ebf80000,0x00000000ec094b48,0x00000000ec100000)
  to   space 1536K, 0% used [0x00000000ec100000,0x00000000ec100000,0x00000000ec280000)
 ParOldGen       total 68608K, used 30569K [0x00000000c0000000, 0x00000000c4300000, 0x00000000eab00000)
  object space 68608K, 44% used [0x00000000c0000000,0x00000000c1dda448,0x00000000c4300000)
 Metaspace       used 39927K, committed 40960K, reserved 1114112K
  class space    used 3955K, committed 4352K, reserved 1048576K
}
Event: 19.347 GC heap after
{Heap after GC invocations=24 (full 2):
 PSYoungGen      total 22016K, used 656K [0x00000000eab00000, 0x00000000ec200000, 0x0000000100000000)
  eden space 20992K, 0% used [0x00000000eab00000,0x00000000eab00000,0x00000000ebf80000)
  from space 1024K, 64% used [0x00000000ec100000,0x00000000ec1a4020,0x00000000ec200000)
  to   space 1024K, 0% used [0x00000000ec000000,0x00000000ec000000,0x00000000ec100000)
 ParOldGen       total 68608K, used 30770K [0x00000000c0000000, 0x00000000c4300000, 0x00000000eab00000)
  object space 68608K, 44% used [0x00000000c0000000,0x00000000c1e0ca70,0x00000000c4300000)
 Metaspace       used 39927K, committed 40960K, reserved 1114112K
  class space    used 3955K, committed 4352K, reserved 1048576K
}
Event: 20.619 GC heap before
{Heap before GC invocations=25 (full 2):
 PSYoungGen      total 22016K, used 21622K [0x00000000eab00000, 0x00000000ec200000, 0x0000000100000000)
  eden space 20992K, 99% used [0x00000000eab00000,0x00000000ebf79920,0x00000000ebf80000)
  from space 1024K, 64% used [0x00000000ec100000,0x00000000ec1a4020,0x00000000ec200000)
  to   space 1024K, 0% used [0x00000000ec000000,0x00000000ec000000,0x00000000ec100000)
 ParOldGen       total 68608K, used 30770K [0x00000000c0000000, 0x00000000c4300000, 0x00000000eab00000)
  object space 68608K, 44% used [0x00000000c0000000,0x00000000c1e0ca70,0x00000000c4300000)
 Metaspace       used 42577K, committed 43712K, reserved 1114112K
  class space    used 4218K, committed 4736K, reserved 1048576K
}
Event: 20.623 GC heap after
{Heap after GC invocations=25 (full 2):
 PSYoungGen      total 22016K, used 1008K [0x00000000eab00000, 0x00000000ec480000, 0x0000000100000000)
  eden space 20992K, 0% used [0x00000000eab00000,0x00000000eab00000,0x00000000ebf80000)
  from space 1024K, 98% used [0x00000000ec000000,0x00000000ec0fc050,0x00000000ec100000)
  to   space 2560K, 0% used [0x00000000ec200000,0x00000000ec200000,0x00000000ec480000)
 ParOldGen       total 68608K, used 31948K [0x00000000c0000000, 0x00000000c4300000, 0x00000000eab00000)
  object space 68608K, 46% used [0x00000000c0000000,0x00000000c1f33280,0x00000000c4300000)
 Metaspace       used 42577K, committed 43712K, reserved 1114112K
  class space    used 4218K, committed 4736K, reserved 1048576K
}

