# JRE version: OpenJDK Runtime Environment Temurin-21.0.7+6 (21.0.7+6) (build 21.0.7+6-LTS)
# Java VM: OpenJDK 64-Bit Server VM Temurin-21.0.7+6 (21.0.7+6-LTS, mixed mode, sharing, tiered, compressed oops, compressed class ptrs, parallel gc, windows-amd64)
GC Precious Log:
 CardTable entry size: 512
 CPUs: 8 total, 8 available
 Memory: 7998M
 Large Page Support: Disabled
 NUMA Support: Disabled
 Compressed Oops: Enabled (32-bit)
 Alignments: Space 512K, Generation 512K, Heap 2M
 Heap Min Capacity: 100M
 Heap Initial Capacity: 100M
 Heap Max Capacity: 1G
 Pre-touch: Disabled
 Parallel Workers: 8
Heap:
 PSYoungGen      total 2048K, used 468K [0x00000000eab00000, 0x00000000eae00000, 0x0000000100000000)
  eden space 1536K, 13% used [0x00000000eab00000,0x00000000eab353e0,0x00000000eac80000)
  from space 512K, 62% used [0x00000000ead00000,0x00000000ead50000,0x00000000ead80000)
  to   space 512K, 0% used [0x00000000ead80000,0x00000000ead80000,0x00000000eae00000)
 ParOldGen       total 437248K, used 437151K [0x00000000c0000000, 0x00000000dab00000, 0x00000000eab00000)
  object space 437248K, 99% used [0x00000000c0000000,0x00000000daae7cc8,0x00000000dab00000)
 Metaspace       used 58488K, committed 59840K, reserved 1114112K
  class space    used 6057K, committed 6656K, reserved 1048576K
GC Heap History (20 events):
Event: 122.609 GC heap before
{Heap before GC invocations=457 (full 2):
 PSYoungGen      total 2048K, used 1888K [0x00000000eab00000, 0x00000000eae00000, 0x0000000100000000)
  eden space 1536K, 100% used [0x00000000eab00000,0x00000000eac80000,0x00000000eac80000)
  from space 512K, 68% used [0x00000000ead80000,0x00000000eadd8000,0x00000000eae00000)
  to   space 512K, 0% used [0x00000000ead00000,0x00000000ead00000,0x00000000ead80000)
 ParOldGen       total 433664K, used 433638K [0x00000000c0000000, 0x00000000da780000, 0x00000000eab00000)
  object space 433664K, 99% used [0x00000000c0000000,0x00000000da7798a0,0x00000000da780000)
 Metaspace       used 57823K, committed 59200K, reserved 1114112K
  class space    used 5986K, committed 6592K, reserved 1048576K
}
Event: 122.614 GC heap after
{Heap after GC invocations=457 (full 2):
 PSYoungGen      total 2048K, used 315K [0x00000000eab00000, 0x00000000eae00000, 0x0000000100000000)
  eden space 1536K, 0% used [0x00000000eab00000,0x00000000eab00000,0x00000000eac80000)
  from space 512K, 61% used [0x00000000ead00000,0x00000000ead4ec08,0x00000000ead80000)
  to   space 512K, 0% used [0x00000000ead80000,0x00000000ead80000,0x00000000eae00000)
 ParOldGen       total 434176K, used 433846K [0x00000000c0000000, 0x00000000da800000, 0x00000000eab00000)
  object space 434176K, 99% used [0x00000000c0000000,0x00000000da7ad8a0,0x00000000da800000)
 Metaspace       used 57823K, committed 59200K, reserved 1114112K
  class space    used 5986K, committed 6592K, reserved 1048576K
}
Event: 122.664 GC heap before
{Heap before GC invocations=458 (full 2):
 PSYoungGen      total 2048K, used 1851K [0x00000000eab00000, 0x00000000eae00000, 0x0000000100000000)
  eden space 1536K, 100% used [0x00000000eab00000,0x00000000eac80000,0x00000000eac80000)
  from space 512K, 61% used [0x00000000ead00000,0x00000000ead4ec08,0x00000000ead80000)
  to   space 512K, 0% used [0x00000000ead80000,0x00000000ead80000,0x00000000eae00000)
 ParOldGen       total 434176K, used 433846K [0x00000000c0000000, 0x00000000da800000, 0x00000000eab00000)
  object space 434176K, 99% used [0x00000000c0000000,0x00000000da7ad8a0,0x00000000da800000)
 Metaspace       used 58006K, committed 59328K, reserved 1114112K
  class space    used 5998K, committed 6592K, reserved 1048576K
}
Event: 122.667 GC heap after
{Heap after GC invocations=458 (full 2):
 PSYoungGen      total 2048K, used 320K [0x00000000eab00000, 0x00000000eae00000, 0x0000000100000000)
  eden space 1536K, 0% used [0x00000000eab00000,0x00000000eab00000,0x00000000eac80000)
  from space 512K, 62% used [0x00000000ead80000,0x00000000eadd0000,0x00000000eae00000)
  to   space 512K, 0% used [0x00000000ead00000,0x00000000ead00000,0x00000000ead80000)
 ParOldGen       total 434176K, used 434089K [0x00000000c0000000, 0x00000000da800000, 0x00000000eab00000)
  object space 434176K, 99% used [0x00000000c0000000,0x00000000da7ea4a8,0x00000000da800000)
 Metaspace       used 58006K, committed 59328K, reserved 1114112K
  class space    used 5998K, committed 6592K, reserved 1048576K
}
Event: 122.749 GC heap before
{Heap before GC invocations=459 (full 2):
 PSYoungGen      total 2048K, used 1856K [0x00000000eab00000, 0x00000000eae00000, 0x0000000100000000)
  eden space 1536K, 100% used [0x00000000eab00000,0x00000000eac80000,0x00000000eac80000)
  from space 512K, 62% used [0x00000000ead80000,0x00000000eadd0000,0x00000000eae00000)
  to   space 512K, 0% used [0x00000000ead00000,0x00000000ead00000,0x00000000ead80000)
 ParOldGen       total 434176K, used 434089K [0x00000000c0000000, 0x00000000da800000, 0x00000000eab00000)
  object space 434176K, 99% used [0x00000000c0000000,0x00000000da7ea4a8,0x00000000da800000)
 Metaspace       used 58090K, committed 59392K, reserved 1114112K
  class space    used 6011K, committed 6592K, reserved 1048576K
}
Event: 122.752 GC heap after
{Heap after GC invocations=459 (full 2):
 PSYoungGen      total 2048K, used 320K [0x00000000eab00000, 0x00000000eae00000, 0x0000000100000000)
  eden space 1536K, 0% used [0x00000000eab00000,0x00000000eab00000,0x00000000eac80000)
  from space 512K, 62% used [0x00000000ead00000,0x00000000ead50000,0x00000000ead80000)
  to   space 512K, 0% used [0x00000000ead80000,0x00000000ead80000,0x00000000eae00000)
 ParOldGen       total 434688K, used 434217K [0x00000000c0000000, 0x00000000da880000, 0x00000000eab00000)
  object space 434688K, 99% used [0x00000000c0000000,0x00000000da80a4a8,0x00000000da880000)
 Metaspace       used 58090K, committed 59392K, reserved 1114112K
  class space    used 6011K, committed 6592K, reserved 1048576K
}
Event: 122.798 GC heap before
{Heap before GC invocations=460 (full 2):
 PSYoungGen      total 2048K, used 1853K [0x00000000eab00000, 0x00000000eae00000, 0x0000000100000000)
  eden space 1536K, 99% used [0x00000000eab00000,0x00000000eac7f7d0,0x00000000eac80000)
  from space 512K, 62% used [0x00000000ead00000,0x00000000ead50000,0x00000000ead80000)
  to   space 512K, 0% used [0x00000000ead80000,0x00000000ead80000,0x00000000eae00000)
 ParOldGen       total 434688K, used 434217K [0x00000000c0000000, 0x00000000da880000, 0x00000000eab00000)
  object space 434688K, 99% used [0x00000000c0000000,0x00000000da80a4a8,0x00000000da880000)
 Metaspace       used 58117K, committed 59456K, reserved 1114112K
  class space    used 6014K, committed 6592K, reserved 1048576K
}
Event: 122.801 GC heap after
{Heap after GC invocations=460 (full 2):
 PSYoungGen      total 2048K, used 400K [0x00000000eab00000, 0x00000000eae00000, 0x0000000100000000)
  eden space 1536K, 0% used [0x00000000eab00000,0x00000000eab00000,0x00000000eac80000)
  from space 512K, 78% used [0x00000000ead80000,0x00000000eade4010,0x00000000eae00000)
  to   space 512K, 0% used [0x00000000ead00000,0x00000000ead00000,0x00000000ead80000)
 ParOldGen       total 434688K, used 434385K [0x00000000c0000000, 0x00000000da880000, 0x00000000eab00000)
  object space 434688K, 99% used [0x00000000c0000000,0x00000000da8344a8,0x00000000da880000)
 Metaspace       used 58117K, committed 59456K, reserved 1114112K
  class space    used 6014K, committed 6592K, reserved 1048576K
}
Event: 122.856 GC heap before
{Heap before GC invocations=461 (full 2):
 PSYoungGen      total 2048K, used 1936K [0x00000000eab00000, 0x00000000eae00000, 0x0000000100000000)
  eden space 1536K, 100% used [0x00000000eab00000,0x00000000eac80000,0x00000000eac80000)
  from space 512K, 78% used [0x00000000ead80000,0x00000000eade4010,0x00000000eae00000)
  to   space 512K, 0% used [0x00000000ead00000,0x00000000ead00000,0x00000000ead80000)
 ParOldGen       total 434688K, used 434385K [0x00000000c0000000, 0x00000000da880000, 0x00000000eab00000)
  object space 434688K, 99% used [0x00000000c0000000,0x00000000da8344a8,0x00000000da880000)
 Metaspace       used 58142K, committed 59456K, reserved 1114112K
  class space    used 6019K, committed 6592K, reserved 1048576K
}
Event: 122.859 GC heap after
{Heap after GC invocations=461 (full 2):
 PSYoungGen      total 2048K, used 406K [0x00000000eab00000, 0x00000000eae00000, 0x0000000100000000)
  eden space 1536K, 0% used [0x00000000eab00000,0x00000000eab00000,0x00000000eac80000)
  from space 512K, 79% used [0x00000000ead00000,0x00000000ead65808,0x00000000ead80000)
  to   space 512K, 0% used [0x00000000ead80000,0x00000000ead80000,0x00000000eae00000)
 ParOldGen       total 434688K, used 434577K [0x00000000c0000000, 0x00000000da880000, 0x00000000eab00000)
  object space 434688K, 99% used [0x00000000c0000000,0x00000000da8644a8,0x00000000da880000)
 Metaspace       used 58142K, committed 59456K, reserved 1114112K
  class space    used 6019K, committed 6592K, reserved 1048576K
}
Event: 122.965 GC heap before
{Heap before GC invocations=462 (full 2):
 PSYoungGen      total 2048K, used 1942K [0x00000000eab00000, 0x00000000eae00000, 0x0000000100000000)
  eden space 1536K, 100% used [0x00000000eab00000,0x00000000eac80000,0x00000000eac80000)
  from space 512K, 79% used [0x00000000ead00000,0x00000000ead65808,0x00000000ead80000)
  to   space 512K, 0% used [0x00000000ead80000,0x00000000ead80000,0x00000000eae00000)
 ParOldGen       total 434688K, used 434577K [0x00000000c0000000, 0x00000000da880000, 0x00000000eab00000)
  object space 434688K, 99% used [0x00000000c0000000,0x00000000da8644a8,0x00000000da880000)
 Metaspace       used 58142K, committed 59456K, reserved 1114112K
  class space    used 6019K, committed 6592K, reserved 1048576K
}
Event: 122.968 GC heap after
{Heap after GC invocations=462 (full 2):
 PSYoungGen      total 2048K, used 320K [0x00000000eab00000, 0x00000000eae00000, 0x0000000100000000)
  eden space 1536K, 0% used [0x00000000eab00000,0x00000000eab00000,0x00000000eac80000)
  from space 512K, 62% used [0x00000000ead80000,0x00000000eadd0000,0x00000000eae00000)
  to   space 512K, 0% used [0x00000000ead00000,0x00000000ead00000,0x00000000ead80000)
 ParOldGen       total 435200K, used 434903K [0x00000000c0000000, 0x00000000da900000, 0x00000000eab00000)
  object space 435200K, 99% used [0x00000000c0000000,0x00000000da8b5cb0,0x00000000da900000)
 Metaspace       used 58142K, committed 59456K, reserved 1114112K
  class space    used 6019K, committed 6592K, reserved 1048576K
}
Event: 122.996 GC heap before
{Heap before GC invocations=463 (full 2):
 PSYoungGen      total 2048K, used 1855K [0x00000000eab00000, 0x00000000eae00000, 0x0000000100000000)
  eden space 1536K, 99% used [0x00000000eab00000,0x00000000eac7fff8,0x00000000eac80000)
  from space 512K, 62% used [0x00000000ead80000,0x00000000eadd0000,0x00000000eae00000)
  to   space 512K, 0% used [0x00000000ead00000,0x00000000ead00000,0x00000000ead80000)
 ParOldGen       total 435200K, used 434903K [0x00000000c0000000, 0x00000000da900000, 0x00000000eab00000)
  object space 435200K, 99% used [0x00000000c0000000,0x00000000da8b5cb0,0x00000000da900000)
 Metaspace       used 58142K, committed 59456K, reserved 1114112K
  class space    used 6019K, committed 6592K, reserved 1048576K
}
Event: 122.999 GC heap after
{Heap after GC invocations=463 (full 2):
 PSYoungGen      total 2048K, used 288K [0x00000000eab00000, 0x00000000eae00000, 0x0000000100000000)
  eden space 1536K, 0% used [0x00000000eab00000,0x00000000eab00000,0x00000000eac80000)
  from space 512K, 56% used [0x00000000ead00000,0x00000000ead48000,0x00000000ead80000)
  to   space 512K, 0% used [0x00000000ead80000,0x00000000ead80000,0x00000000eae00000)
 ParOldGen       total 435200K, used 435135K [0x00000000c0000000, 0x00000000da900000, 0x00000000eab00000)
  object space 435200K, 99% used [0x00000000c0000000,0x00000000da8efcb0,0x00000000da900000)
 Metaspace       used 58142K, committed 59456K, reserved 1114112K
  class space    used 6019K, committed 6592K, reserved 1048576K
}
Event: 123.038 GC heap before
{Heap before GC invocations=464 (full 2):
 PSYoungGen      total 2048K, used 1823K [0x00000000eab00000, 0x00000000eae00000, 0x0000000100000000)
  eden space 1536K, 99% used [0x00000000eab00000,0x00000000eac7ffe8,0x00000000eac80000)
  from space 512K, 56% used [0x00000000ead00000,0x00000000ead48000,0x00000000ead80000)
  to   space 512K, 0% used [0x00000000ead80000,0x00000000ead80000,0x00000000eae00000)
 ParOldGen       total 435200K, used 435135K [0x00000000c0000000, 0x00000000da900000, 0x00000000eab00000)
  object space 435200K, 99% used [0x00000000c0000000,0x00000000da8efcb0,0x00000000da900000)
 Metaspace       used 58159K, committed 59456K, reserved 1114112K
  class space    used 6020K, committed 6592K, reserved 1048576K
}
Event: 123.040 GC heap after
{Heap after GC invocations=464 (full 2):
 PSYoungGen      total 2048K, used 448K [0x00000000eab00000, 0x00000000eae00000, 0x0000000100000000)
  eden space 1536K, 0% used [0x00000000eab00000,0x00000000eab00000,0x00000000eac80000)
  from space 512K, 87% used [0x00000000ead80000,0x00000000eadf0000,0x00000000eae00000)
  to   space 512K, 0% used [0x00000000ead00000,0x00000000ead00000,0x00000000ead80000)
 ParOldGen       total 435712K, used 435367K [0x00000000c0000000, 0x00000000da980000, 0x00000000eab00000)
  object space 435712K, 99% used [0x00000000c0000000,0x00000000da929cb0,0x00000000da980000)
 Metaspace       used 58159K, committed 59456K, reserved 1114112K
  class space    used 6020K, committed 6592K, reserved 1048576K
}
Event: 123.059 GC heap before
{Heap before GC invocations=465 (full 2):
 PSYoungGen      total 2048K, used 1983K [0x00000000eab00000, 0x00000000eae00000, 0x0000000100000000)
  eden space 1536K, 99% used [0x00000000eab00000,0x00000000eac7ffc0,0x00000000eac80000)
  from space 512K, 87% used [0x00000000ead80000,0x00000000eadf0000,0x00000000eae00000)
  to   space 512K, 0% used [0x00000000ead00000,0x00000000ead00000,0x00000000ead80000)
 ParOldGen       total 435712K, used 435367K [0x00000000c0000000, 0x00000000da980000, 0x00000000eab00000)
  object space 435712K, 99% used [0x00000000c0000000,0x00000000da929cb0,0x00000000da980000)
 Metaspace       used 58205K, committed 59520K, reserved 1114112K
  class space    used 6028K, committed 6592K, reserved 1048576K
}
Event: 123.062 GC heap after
{Heap after GC invocations=465 (full 2):
 PSYoungGen      total 2048K, used 512K [0x00000000eab00000, 0x00000000eae80000, 0x0000000100000000)
  eden space 1536K, 0% used [0x00000000eab00000,0x00000000eab00000,0x00000000eac80000)
  from space 512K, 100% used [0x00000000ead00000,0x00000000ead80000,0x00000000ead80000)
  to   space 1024K, 0% used [0x00000000ead80000,0x00000000ead80000,0x00000000eae80000)
 ParOldGen       total 435712K, used 435679K [0x00000000c0000000, 0x00000000da980000, 0x00000000eab00000)
  object space 435712K, 99% used [0x00000000c0000000,0x00000000da977cb0,0x00000000da980000)
 Metaspace       used 58205K, committed 59520K, reserved 1114112K
  class space    used 6028K, committed 6592K, reserved 1048576K
}
Event: 123.080 GC heap before
{Heap before GC invocations=466 (full 2):
 PSYoungGen      total 2048K, used 2048K [0x00000000eab00000, 0x00000000eae80000, 0x0000000100000000)
  eden space 1536K, 100% used [0x00000000eab00000,0x00000000eac80000,0x00000000eac80000)
  from space 512K, 100% used [0x00000000ead00000,0x00000000ead80000,0x00000000ead80000)
  to   space 1024K, 0% used [0x00000000ead80000,0x00000000ead80000,0x00000000eae80000)
 ParOldGen       total 435712K, used 435679K [0x00000000c0000000, 0x00000000da980000, 0x00000000eab00000)
  object space 435712K, 99% used [0x00000000c0000000,0x00000000da977cb0,0x00000000da980000)
 Metaspace       used 58336K, committed 59712K, reserved 1114112K
  class space    used 6041K, committed 6656K, reserved 1048576K
}
Event: 123.083 GC heap after
{Heap after GC invocations=466 (full 2):
 PSYoungGen      total 2048K, used 320K [0x00000000eab00000, 0x00000000eae00000, 0x0000000100000000)
  eden space 1536K, 0% used [0x00000000eab00000,0x00000000eab00000,0x00000000eac80000)
  from space 512K, 62% used [0x00000000ead80000,0x00000000eadd0000,0x00000000eae00000)
  to   space 512K, 0% used [0x00000000ead00000,0x00000000ead00000,0x00000000ead80000)
 ParOldGen       total 436224K, used 436131K [0x00000000c0000000, 0x00000000daa00000, 0x00000000eab00000)
  object space 436224K, 99% used [0x00000000c0000000,0x00000000da9e8cc0,0x00000000daa00000)
 Metaspace       used 58336K, committed 59712K, reserved 1114112K
  class space    used 6041K, committed 6656K, reserved 1048576K
}

