# JRE version: OpenJDK Runtime Environment Temurin-21.0.7+6 (21.0.7+6) (build 21.0.7+6-LTS)
# Java VM: OpenJDK 64-Bit Server VM Temurin-21.0.7+6 (21.0.7+6-LTS, mixed mode, emulated-client, sharing, tiered, compressed oops, compressed class ptrs, g1 gc, windows-amd64)
GC Precious Log:
 CardTable entry size: 512
 Card Set container configuration: InlinePtr #cards 5 size 8 Array Of Cards #cards 12 size 40 Howl #buckets 4 coarsen threshold 1843 Howl Bitmap #cards 512 size 80 coarsen threshold 460 Card regions per heap region 1 cards per card region 2048
 CPUs: 8 total, 8 available
 Memory: 7998M
 Large Page Support: Disabled
 NUMA Support: Disabled
 Compressed Oops: Enabled (32-bit)
 Heap Region Size: 1M
 Heap Min Capacity: 8M
 Heap Initial Capacity: 126M
 Heap Max Capacity: 2000M
 Pre-touch: Disabled
 Parallel Workers: 8
 Concurrent Workers: 2
 Concurrent Refinement Workers: 8
 Periodic GC: Disabled
Heap:
 garbage-first heap   total 58368K, used 37666K [0x0000000083000000, 0x0000000100000000)
  region size 1024K, 16 young (16384K), 4 survivors (4096K)
 Metaspace       used 55948K, committed 56512K, reserved 1114112K
  class space    used 7926K, committed 8192K, reserved 1048576K
GC Heap History (20 events):
Event: 1.205 GC heap before
{Heap before GC invocations=0 (full 0):
 garbage-first heap   total 129024K, used 23552K [0x0000000083000000, 0x0000000100000000)
  region size 1024K, 23 young (23552K), 0 survivors (0K)
 Metaspace       used 5248K, committed 5504K, reserved 1114112K
  class space    used 709K, committed 832K, reserved 1048576K
}
Event: 1.213 GC heap after
{Heap after GC invocations=1 (full 0):
 garbage-first heap   total 129024K, used 7168K [0x0000000083000000, 0x0000000100000000)
  region size 1024K, 3 young (3072K), 3 survivors (3072K)
 Metaspace       used 5248K, committed 5504K, reserved 1114112K
  class space    used 709K, committed 832K, reserved 1048576K
}
Event: 1.940 GC heap before
{Heap before GC invocations=1 (full 0):
 garbage-first heap   total 129024K, used 34816K [0x0000000083000000, 0x0000000100000000)
  region size 1024K, 31 young (31744K), 3 survivors (3072K)
 Metaspace       used 12178K, committed 12416K, reserved 1114112K
  class space    used 1612K, committed 1728K, reserved 1048576K
}
Event: 1.951 GC heap after
{Heap after GC invocations=2 (full 0):
 garbage-first heap   total 129024K, used 9684K [0x0000000083000000, 0x0000000100000000)
  region size 1024K, 3 young (3072K), 3 survivors (3072K)
 Metaspace       used 12178K, committed 12416K, reserved 1114112K
  class space    used 1612K, committed 1728K, reserved 1048576K
}
Event: 3.139 GC heap before
{Heap before GC invocations=2 (full 0):
 garbage-first heap   total 129024K, used 47572K [0x0000000083000000, 0x0000000100000000)
  region size 1024K, 42 young (43008K), 3 survivors (3072K)
 Metaspace       used 18162K, committed 18496K, reserved 1114112K
  class space    used 2428K, committed 2560K, reserved 1048576K
}
Event: 3.154 GC heap after
{Heap after GC invocations=3 (full 0):
 garbage-first heap   total 129024K, used 13369K [0x0000000083000000, 0x0000000100000000)
  region size 1024K, 6 young (6144K), 6 survivors (6144K)
 Metaspace       used 18162K, committed 18496K, reserved 1114112K
  class space    used 2428K, committed 2560K, reserved 1048576K
}
Event: 4.018 GC heap before
{Heap before GC invocations=4 (full 0):
 garbage-first heap   total 48128K, used 35897K [0x0000000083000000, 0x0000000100000000)
  region size 1024K, 28 young (28672K), 6 survivors (6144K)
 Metaspace       used 21684K, committed 22080K, reserved 1114112K
  class space    used 3019K, committed 3200K, reserved 1048576K
}
Event: 4.036 GC heap after
{Heap after GC invocations=5 (full 0):
 garbage-first heap   total 48128K, used 15934K [0x0000000083000000, 0x0000000100000000)
  region size 1024K, 3 young (3072K), 3 survivors (3072K)
 Metaspace       used 21684K, committed 22080K, reserved 1114112K
  class space    used 3019K, committed 3200K, reserved 1048576K
}
Event: 4.638 GC heap before
{Heap before GC invocations=5 (full 0):
 garbage-first heap   total 48128K, used 36414K [0x0000000083000000, 0x0000000100000000)
  region size 1024K, 23 young (23552K), 3 survivors (3072K)
 Metaspace       used 25181K, committed 25600K, reserved 1114112K
  class space    used 3457K, committed 3648K, reserved 1048576K
}
Event: 4.645 GC heap after
{Heap after GC invocations=6 (full 0):
 garbage-first heap   total 48128K, used 17378K [0x0000000083000000, 0x0000000100000000)
  region size 1024K, 2 young (2048K), 2 survivors (2048K)
 Metaspace       used 25181K, committed 25600K, reserved 1114112K
  class space    used 3457K, committed 3648K, reserved 1048576K
}
Event: 5.418 GC heap before
{Heap before GC invocations=6 (full 0):
 garbage-first heap   total 48128K, used 35810K [0x0000000083000000, 0x0000000100000000)
  region size 1024K, 21 young (21504K), 2 survivors (2048K)
 Metaspace       used 30399K, committed 30848K, reserved 1114112K
  class space    used 4228K, committed 4416K, reserved 1048576K
}
Event: 5.424 GC heap after
{Heap after GC invocations=7 (full 0):
 garbage-first heap   total 58368K, used 18581K [0x0000000083000000, 0x0000000100000000)
  region size 1024K, 3 young (3072K), 3 survivors (3072K)
 Metaspace       used 30399K, committed 30848K, reserved 1114112K
  class space    used 4228K, committed 4416K, reserved 1048576K
}
Event: 6.420 GC heap before
{Heap before GC invocations=8 (full 0):
 garbage-first heap   total 58368K, used 47253K [0x0000000083000000, 0x0000000100000000)
  region size 1024K, 31 young (31744K), 3 survivors (3072K)
 Metaspace       used 38322K, committed 38784K, reserved 1114112K
  class space    used 5355K, committed 5568K, reserved 1048576K
}
Event: 6.427 GC heap after
{Heap after GC invocations=9 (full 0):
 garbage-first heap   total 58368K, used 21115K [0x0000000083000000, 0x0000000100000000)
  region size 1024K, 4 young (4096K), 4 survivors (4096K)
 Metaspace       used 38322K, committed 38784K, reserved 1114112K
  class space    used 5355K, committed 5568K, reserved 1048576K
}
Event: 7.353 GC heap before
{Heap before GC invocations=9 (full 0):
 garbage-first heap   total 58368K, used 48763K [0x0000000083000000, 0x0000000100000000)
  region size 1024K, 31 young (31744K), 4 survivors (4096K)
 Metaspace       used 46917K, committed 47488K, reserved 1114112K
  class space    used 6666K, committed 6912K, reserved 1048576K
}
Event: 7.360 GC heap after
{Heap after GC invocations=10 (full 0):
 garbage-first heap   total 58368K, used 22409K [0x0000000083000000, 0x0000000100000000)
  region size 1024K, 2 young (2048K), 2 survivors (2048K)
 Metaspace       used 46917K, committed 47488K, reserved 1114112K
  class space    used 6666K, committed 6912K, reserved 1048576K
}
Event: 7.979 GC heap before
{Heap before GC invocations=10 (full 0):
 garbage-first heap   total 58368K, used 39817K [0x0000000083000000, 0x0000000100000000)
  region size 1024K, 20 young (20480K), 2 survivors (2048K)
 Metaspace       used 51271K, committed 51776K, reserved 1114112K
  class space    used 7174K, committed 7424K, reserved 1048576K
}
Event: 7.984 GC heap after
{Heap after GC invocations=11 (full 0):
 garbage-first heap   total 58368K, used 23746K [0x0000000083000000, 0x0000000100000000)
  region size 1024K, 4 young (4096K), 4 survivors (4096K)
 Metaspace       used 51271K, committed 51776K, reserved 1114112K
  class space    used 7174K, committed 7424K, reserved 1048576K
}
Event: 8.873 GC heap before
{Heap before GC invocations=12 (full 0):
 garbage-first heap   total 58368K, used 48322K [0x0000000083000000, 0x0000000100000000)
  region size 1024K, 28 young (28672K), 4 survivors (4096K)
 Metaspace       used 53920K, committed 54528K, reserved 1114112K
  class space    used 7647K, committed 7872K, reserved 1048576K
}
Event: 8.883 GC heap after
{Heap after GC invocations=13 (full 0):
 garbage-first heap   total 58368K, used 26402K [0x0000000083000000, 0x0000000100000000)
  region size 1024K, 4 young (4096K), 4 survivors (4096K)
 Metaspace       used 53920K, committed 54528K, reserved 1114112K
  class space    used 7647K, committed 7872K, reserved 1048576K
}

