# JRE version: OpenJDK Runtime Environment Temurin-21.0.7+6 (21.0.7+6) (build 21.0.7+6-LTS)
# Java VM: OpenJDK 64-Bit Server VM Temurin-21.0.7+6 (21.0.7+6-LTS, mixed mode, sharing, tiered, compressed oops, compressed class ptrs, parallel gc, windows-amd64)
GC Precious Log:
 CardTable entry size: 512
 CPUs: 8 total, 8 available
 Memory: 7998M
 Large Page Support: Disabled
 NUMA Support: Disabled
 Compressed Oops: Enabled (32-bit)
 Alignments: Space 512K, Generation 512K, Heap 2M
 Heap Min Capacity: 100M
 Heap Initial Capacity: 100M
 Heap Max Capacity: 1G
 Pre-touch: Disabled
 Parallel Workers: 8
Heap:
 PSYoungGen      total 3072K, used 1063K [0x00000000eab00000, 0x00000000eaf00000, 0x0000000100000000)
  eden space 2048K, 30% used [0x00000000eab00000,0x00000000eab9ce38,0x00000000ead00000)
  from space 1024K, 42% used [0x00000000ead00000,0x00000000ead6d0f0,0x00000000eae00000)
  to   space 1024K, 0% used [0x00000000eae00000,0x00000000eae00000,0x00000000eaf00000)
 ParOldGen       total 345600K, used 330096K [0x00000000c0000000, 0x00000000d5180000, 0x00000000eab00000)
  object space 345600K, 95% used [0x00000000c0000000,0x00000000d425c1e8,0x00000000d5180000)
 Metaspace       used 52376K, committed 53632K, reserved 1114112K
  class space    used 5549K, committed 6080K, reserved 1048576K
GC Heap History (20 events):
Event: 70.497 GC heap before
{Heap before GC invocations=494 (full 4):
 PSYoungGen      total 2560K, used 2299K [0x00000000eab00000, 0x00000000eae00000, 0x0000000100000000)
  eden space 2048K, 100% used [0x00000000eab00000,0x00000000ead00000,0x00000000ead00000)
  from space 512K, 49% used [0x00000000ead00000,0x00000000ead3ec08,0x00000000ead80000)
  to   space 512K, 0% used [0x00000000ead80000,0x00000000ead80000,0x00000000eae00000)
 ParOldGen       total 345600K, used 322776K [0x00000000c0000000, 0x00000000d5180000, 0x00000000eab00000)
  object space 345600K, 93% used [0x00000000c0000000,0x00000000d3b361b8,0x00000000d5180000)
 Metaspace       used 51717K, committed 52992K, reserved 1114112K
  class space    used 5480K, committed 6016K, reserved 1048576K
}
Event: 70.499 GC heap after
{Heap after GC invocations=494 (full 4):
 PSYoungGen      total 2560K, used 434K [0x00000000eab00000, 0x00000000eae00000, 0x0000000100000000)
  eden space 2048K, 0% used [0x00000000eab00000,0x00000000eab00000,0x00000000ead00000)
  from space 512K, 84% used [0x00000000ead80000,0x00000000eadecad8,0x00000000eae00000)
  to   space 512K, 0% used [0x00000000ead00000,0x00000000ead00000,0x00000000ead80000)
 ParOldGen       total 345600K, used 322979K [0x00000000c0000000, 0x00000000d5180000, 0x00000000eab00000)
  object space 345600K, 93% used [0x00000000c0000000,0x00000000d3b68dc0,0x00000000d5180000)
 Metaspace       used 51717K, committed 52992K, reserved 1114112K
  class space    used 5480K, committed 6016K, reserved 1048576K
}
Event: 70.535 GC heap before
{Heap before GC invocations=495 (full 4):
 PSYoungGen      total 2560K, used 2482K [0x00000000eab00000, 0x00000000eae00000, 0x0000000100000000)
  eden space 2048K, 100% used [0x00000000eab00000,0x00000000ead00000,0x00000000ead00000)
  from space 512K, 84% used [0x00000000ead80000,0x00000000eadecad8,0x00000000eae00000)
  to   space 512K, 0% used [0x00000000ead00000,0x00000000ead00000,0x00000000ead80000)
 ParOldGen       total 345600K, used 322979K [0x00000000c0000000, 0x00000000d5180000, 0x00000000eab00000)
  object space 345600K, 93% used [0x00000000c0000000,0x00000000d3b68dc0,0x00000000d5180000)
 Metaspace       used 51825K, committed 53120K, reserved 1114112K
  class space    used 5490K, committed 6016K, reserved 1048576K
}
Event: 70.537 GC heap after
{Heap after GC invocations=495 (full 4):
 PSYoungGen      total 2560K, used 488K [0x00000000eab00000, 0x00000000eae00000, 0x0000000100000000)
  eden space 2048K, 0% used [0x00000000eab00000,0x00000000eab00000,0x00000000ead00000)
  from space 512K, 95% used [0x00000000ead00000,0x00000000ead7a1f0,0x00000000ead80000)
  to   space 512K, 0% used [0x00000000ead80000,0x00000000ead80000,0x00000000eae00000)
 ParOldGen       total 345600K, used 323123K [0x00000000c0000000, 0x00000000d5180000, 0x00000000eab00000)
  object space 345600K, 93% used [0x00000000c0000000,0x00000000d3b8cdc0,0x00000000d5180000)
 Metaspace       used 51825K, committed 53120K, reserved 1114112K
  class space    used 5490K, committed 6016K, reserved 1048576K
}
Event: 70.563 GC heap before
{Heap before GC invocations=496 (full 4):
 PSYoungGen      total 2560K, used 2536K [0x00000000eab00000, 0x00000000eae00000, 0x0000000100000000)
  eden space 2048K, 100% used [0x00000000eab00000,0x00000000ead00000,0x00000000ead00000)
  from space 512K, 95% used [0x00000000ead00000,0x00000000ead7a1f0,0x00000000ead80000)
  to   space 512K, 0% used [0x00000000ead80000,0x00000000ead80000,0x00000000eae00000)
 ParOldGen       total 345600K, used 323123K [0x00000000c0000000, 0x00000000d5180000, 0x00000000eab00000)
  object space 345600K, 93% used [0x00000000c0000000,0x00000000d3b8cdc0,0x00000000d5180000)
 Metaspace       used 51924K, committed 53184K, reserved 1114112K
  class space    used 5493K, committed 6016K, reserved 1048576K
}
Event: 70.566 GC heap after
{Heap after GC invocations=496 (full 4):
 PSYoungGen      total 2560K, used 357K [0x00000000eab00000, 0x00000000eae00000, 0x0000000100000000)
  eden space 2048K, 0% used [0x00000000eab00000,0x00000000eab00000,0x00000000ead00000)
  from space 512K, 69% used [0x00000000ead80000,0x00000000eadd97e8,0x00000000eae00000)
  to   space 512K, 0% used [0x00000000ead00000,0x00000000ead00000,0x00000000ead80000)
 ParOldGen       total 345600K, used 323363K [0x00000000c0000000, 0x00000000d5180000, 0x00000000eab00000)
  object space 345600K, 93% used [0x00000000c0000000,0x00000000d3bc8dc0,0x00000000d5180000)
 Metaspace       used 51924K, committed 53184K, reserved 1114112K
  class space    used 5493K, committed 6016K, reserved 1048576K
}
Event: 70.595 GC heap before
{Heap before GC invocations=497 (full 4):
 PSYoungGen      total 2560K, used 2398K [0x00000000eab00000, 0x00000000eae00000, 0x0000000100000000)
  eden space 2048K, 99% used [0x00000000eab00000,0x00000000eacfe018,0x00000000ead00000)
  from space 512K, 69% used [0x00000000ead80000,0x00000000eadd97e8,0x00000000eae00000)
  to   space 512K, 0% used [0x00000000ead00000,0x00000000ead00000,0x00000000ead80000)
 ParOldGen       total 345600K, used 323363K [0x00000000c0000000, 0x00000000d5180000, 0x00000000eab00000)
  object space 345600K, 93% used [0x00000000c0000000,0x00000000d3bc8dc0,0x00000000d5180000)
 Metaspace       used 51924K, committed 53184K, reserved 1114112K
  class space    used 5493K, committed 6016K, reserved 1048576K
}
Event: 70.598 GC heap after
{Heap after GC invocations=497 (full 4):
 PSYoungGen      total 2560K, used 374K [0x00000000eab00000, 0x00000000eae00000, 0x0000000100000000)
  eden space 2048K, 0% used [0x00000000eab00000,0x00000000eab00000,0x00000000ead00000)
  from space 512K, 73% used [0x00000000ead00000,0x00000000ead5d808,0x00000000ead80000)
  to   space 512K, 0% used [0x00000000ead80000,0x00000000ead80000,0x00000000eae00000)
 ParOldGen       total 345600K, used 323633K [0x00000000c0000000, 0x00000000d5180000, 0x00000000eab00000)
  object space 345600K, 93% used [0x00000000c0000000,0x00000000d3c0c5a8,0x00000000d5180000)
 Metaspace       used 51924K, committed 53184K, reserved 1114112K
  class space    used 5493K, committed 6016K, reserved 1048576K
}
Event: 70.613 GC heap before
{Heap before GC invocations=498 (full 4):
 PSYoungGen      total 2560K, used 2409K [0x00000000eab00000, 0x00000000eae00000, 0x0000000100000000)
  eden space 2048K, 99% used [0x00000000eab00000,0x00000000eacfce50,0x00000000ead00000)
  from space 512K, 73% used [0x00000000ead00000,0x00000000ead5d808,0x00000000ead80000)
  to   space 512K, 0% used [0x00000000ead80000,0x00000000ead80000,0x00000000eae00000)
 ParOldGen       total 345600K, used 323633K [0x00000000c0000000, 0x00000000d5180000, 0x00000000eab00000)
  object space 345600K, 93% used [0x00000000c0000000,0x00000000d3c0c5a8,0x00000000d5180000)
 Metaspace       used 51937K, committed 53184K, reserved 1114112K
  class space    used 5493K, committed 6016K, reserved 1048576K
}
Event: 70.617 GC heap after
{Heap after GC invocations=498 (full 4):
 PSYoungGen      total 2560K, used 384K [0x00000000eab00000, 0x00000000eae00000, 0x0000000100000000)
  eden space 2048K, 0% used [0x00000000eab00000,0x00000000eab00000,0x00000000ead00000)
  from space 512K, 75% used [0x00000000ead80000,0x00000000eade0300,0x00000000eae00000)
  to   space 512K, 0% used [0x00000000ead00000,0x00000000ead00000,0x00000000ead80000)
 ParOldGen       total 345600K, used 323919K [0x00000000c0000000, 0x00000000d5180000, 0x00000000eab00000)
  object space 345600K, 93% used [0x00000000c0000000,0x00000000d3c53db0,0x00000000d5180000)
 Metaspace       used 51937K, committed 53184K, reserved 1114112K
  class space    used 5493K, committed 6016K, reserved 1048576K
}
Event: 70.779 GC heap before
{Heap before GC invocations=499 (full 4):
 PSYoungGen      total 2560K, used 2432K [0x00000000eab00000, 0x00000000eae00000, 0x0000000100000000)
  eden space 2048K, 100% used [0x00000000eab00000,0x00000000ead00000,0x00000000ead00000)
  from space 512K, 75% used [0x00000000ead80000,0x00000000eade0300,0x00000000eae00000)
  to   space 512K, 0% used [0x00000000ead00000,0x00000000ead00000,0x00000000ead80000)
 ParOldGen       total 345600K, used 323919K [0x00000000c0000000, 0x00000000d5180000, 0x00000000eab00000)
  object space 345600K, 93% used [0x00000000c0000000,0x00000000d3c53db0,0x00000000d5180000)
 Metaspace       used 52007K, committed 53312K, reserved 1114112K
  class space    used 5498K, committed 6080K, reserved 1048576K
}
Event: 70.781 GC heap after
{Heap after GC invocations=499 (full 4):
 PSYoungGen      total 2560K, used 355K [0x00000000eab00000, 0x00000000eae00000, 0x0000000100000000)
  eden space 2048K, 0% used [0x00000000eab00000,0x00000000eab00000,0x00000000ead00000)
  from space 512K, 69% used [0x00000000ead00000,0x00000000ead58df8,0x00000000ead80000)
  to   space 512K, 0% used [0x00000000ead80000,0x00000000ead80000,0x00000000eae00000)
 ParOldGen       total 345600K, used 324160K [0x00000000c0000000, 0x00000000d5180000, 0x00000000eab00000)
  object space 345600K, 93% used [0x00000000c0000000,0x00000000d3c900b0,0x00000000d5180000)
 Metaspace       used 52007K, committed 53312K, reserved 1114112K
  class space    used 5498K, committed 6080K, reserved 1048576K
}
Event: 70.830 GC heap before
{Heap before GC invocations=500 (full 4):
 PSYoungGen      total 2560K, used 2403K [0x00000000eab00000, 0x00000000eae00000, 0x0000000100000000)
  eden space 2048K, 100% used [0x00000000eab00000,0x00000000ead00000,0x00000000ead00000)
  from space 512K, 69% used [0x00000000ead00000,0x00000000ead58df8,0x00000000ead80000)
  to   space 512K, 0% used [0x00000000ead80000,0x00000000ead80000,0x00000000eae00000)
 ParOldGen       total 345600K, used 324160K [0x00000000c0000000, 0x00000000d5180000, 0x00000000eab00000)
  object space 345600K, 93% used [0x00000000c0000000,0x00000000d3c900b0,0x00000000d5180000)
 Metaspace       used 52040K, committed 53376K, reserved 1114112K
  class space    used 5499K, committed 6080K, reserved 1048576K
}
Event: 70.834 GC heap after
{Heap after GC invocations=500 (full 4):
 PSYoungGen      total 2560K, used 448K [0x00000000eab00000, 0x00000000eae00000, 0x0000000100000000)
  eden space 2048K, 0% used [0x00000000eab00000,0x00000000eab00000,0x00000000ead00000)
  from space 512K, 87% used [0x00000000ead80000,0x00000000eadf0020,0x00000000eae00000)
  to   space 512K, 0% used [0x00000000ead00000,0x00000000ead00000,0x00000000ead80000)
 ParOldGen       total 345600K, used 324423K [0x00000000c0000000, 0x00000000d5180000, 0x00000000eab00000)
  object space 345600K, 93% used [0x00000000c0000000,0x00000000d3cd1d70,0x00000000d5180000)
 Metaspace       used 52040K, committed 53376K, reserved 1114112K
  class space    used 5499K, committed 6080K, reserved 1048576K
}
Event: 70.875 GC heap before
{Heap before GC invocations=501 (full 4):
 PSYoungGen      total 2560K, used 2496K [0x00000000eab00000, 0x00000000eae00000, 0x0000000100000000)
  eden space 2048K, 100% used [0x00000000eab00000,0x00000000ead00000,0x00000000ead00000)
  from space 512K, 87% used [0x00000000ead80000,0x00000000eadf0020,0x00000000eae00000)
  to   space 512K, 0% used [0x00000000ead00000,0x00000000ead00000,0x00000000ead80000)
 ParOldGen       total 345600K, used 324423K [0x00000000c0000000, 0x00000000d5180000, 0x00000000eab00000)
  object space 345600K, 93% used [0x00000000c0000000,0x00000000d3cd1d70,0x00000000d5180000)
 Metaspace       used 52040K, committed 53376K, reserved 1114112K
  class space    used 5499K, committed 6080K, reserved 1048576K
}
Event: 70.879 GC heap after
{Heap after GC invocations=501 (full 4):
 PSYoungGen      total 2560K, used 443K [0x00000000eab00000, 0x00000000eae00000, 0x0000000100000000)
  eden space 2048K, 0% used [0x00000000eab00000,0x00000000eab00000,0x00000000ead00000)
  from space 512K, 86% used [0x00000000ead00000,0x00000000ead6ec08,0x00000000ead80000)
  to   space 512K, 0% used [0x00000000ead80000,0x00000000ead80000,0x00000000eae00000)
 ParOldGen       total 345600K, used 324735K [0x00000000c0000000, 0x00000000d5180000, 0x00000000eab00000)
  object space 345600K, 93% used [0x00000000c0000000,0x00000000d3d1fd90,0x00000000d5180000)
 Metaspace       used 52040K, committed 53376K, reserved 1114112K
  class space    used 5499K, committed 6080K, reserved 1048576K
}
Event: 70.911 GC heap before
{Heap before GC invocations=502 (full 4):
 PSYoungGen      total 2560K, used 2491K [0x00000000eab00000, 0x00000000eae00000, 0x0000000100000000)
  eden space 2048K, 100% used [0x00000000eab00000,0x00000000ead00000,0x00000000ead00000)
  from space 512K, 86% used [0x00000000ead00000,0x00000000ead6ec08,0x00000000ead80000)
  to   space 512K, 0% used [0x00000000ead80000,0x00000000ead80000,0x00000000eae00000)
 ParOldGen       total 345600K, used 324735K [0x00000000c0000000, 0x00000000d5180000, 0x00000000eab00000)
  object space 345600K, 93% used [0x00000000c0000000,0x00000000d3d1fd90,0x00000000d5180000)
 Metaspace       used 52045K, committed 53376K, reserved 1114112K
  class space    used 5501K, committed 6080K, reserved 1048576K
}
Event: 70.913 GC heap after
{Heap after GC invocations=502 (full 4):
 PSYoungGen      total 2560K, used 416K [0x00000000eab00000, 0x00000000eae00000, 0x0000000100000000)
  eden space 2048K, 0% used [0x00000000eab00000,0x00000000eab00000,0x00000000ead00000)
  from space 512K, 81% used [0x00000000ead80000,0x00000000eade8000,0x00000000eae00000)
  to   space 512K, 0% used [0x00000000ead00000,0x00000000ead00000,0x00000000ead80000)
 ParOldGen       total 345600K, used 325066K [0x00000000c0000000, 0x00000000d5180000, 0x00000000eab00000)
  object space 345600K, 94% used [0x00000000c0000000,0x00000000d3d72998,0x00000000d5180000)
 Metaspace       used 52045K, committed 53376K, reserved 1114112K
  class space    used 5501K, committed 6080K, reserved 1048576K
}
Event: 70.933 GC heap before
{Heap before GC invocations=503 (full 4):
 PSYoungGen      total 2560K, used 2464K [0x00000000eab00000, 0x00000000eae00000, 0x0000000100000000)
  eden space 2048K, 100% used [0x00000000eab00000,0x00000000ead00000,0x00000000ead00000)
  from space 512K, 81% used [0x00000000ead80000,0x00000000eade8000,0x00000000eae00000)
  to   space 512K, 0% used [0x00000000ead00000,0x00000000ead00000,0x00000000ead80000)
 ParOldGen       total 345600K, used 325066K [0x00000000c0000000, 0x00000000d5180000, 0x00000000eab00000)
  object space 345600K, 94% used [0x00000000c0000000,0x00000000d3d72998,0x00000000d5180000)
 Metaspace       used 52050K, committed 53376K, reserved 1114112K
  class space    used 5503K, committed 6080K, reserved 1048576K
}
Event: 70.935 GC heap after
{Heap after GC invocations=503 (full 4):
 PSYoungGen      total 2560K, used 374K [0x00000000eab00000, 0x00000000eae00000, 0x0000000100000000)
  eden space 2048K, 0% used [0x00000000eab00000,0x00000000eab00000,0x00000000ead00000)
  from space 512K, 73% used [0x00000000ead00000,0x00000000ead5d808,0x00000000ead80000)
  to   space 512K, 0% used [0x00000000ead80000,0x00000000ead80000,0x00000000eae00000)
 ParOldGen       total 345600K, used 325338K [0x00000000c0000000, 0x00000000d5180000, 0x00000000eab00000)
  object space 345600K, 94% used [0x00000000c0000000,0x00000000d3db6998,0x00000000d5180000)
 Metaspace       used 52050K, committed 53376K, reserved 1114112K
  class space    used 5503K, committed 6080K, reserved 1048576K
}

